{"level":"error","time":"2024-06-13 20:25:18","caller":"middleware/base.go:11","msg":"用户ip:[],访问模式:[GET],接口路径:[/]"}
{"level":"error","time":"2024-06-13 20:25:18","caller":"middleware/base.go:11","msg":"用户ip:[],访问模式:[GET],接口路径:[/favicon.ico]"}
{"level":"error","time":"2024-06-13 20:25:33","caller":"middleware/base.go:11","msg":"用户ip:[],访问模式:[GET],接口路径:[/]"}
{"level":"error","time":"2024-06-13 20:27:10","caller":"middleware/base.go:11","msg":"用户ip:[],访问模式:[POST],接口路径:[/user/detail]"}
{"level":"error","time":"2024-06-13 20:27:10","caller":"middleware/base.go:11","msg":"用户ip:[],访问模式:[POST],接口路径:[/user/detail]"}
{"level":"error","time":"2024-06-13 20:27:10","caller":"middleware/base.go:11","msg":"用户ip:[],访问模式:[POST],接口路径:[/area/list]"}
{"level":"error","time":"2024-06-13 20:27:15","caller":"middleware/base.go:11","msg":"用户ip:[],访问模式:[POST],接口路径:[/user/detail]"}
{"level":"error","time":"2024-06-13 20:27:23","caller":"middleware/base.go:11","msg":"用户ip:[],访问模式:[POST],接口路径:[/account/login]"}
{"level":"error","time":"2024-06-13 20:27:23","caller":"middleware/base.go:11","msg":"用户ip:[],访问模式:[POST],接口路径:[/user/detail]"}
{"level":"error","time":"2024-06-13 20:30:23","caller":"middleware/base.go:11","msg":"用户ip:[],访问模式:[POST],接口路径:[/user/detail]"}
{"level":"error","time":"2024-06-13 20:30:28","caller":"middleware/base.go:11","msg":"用户ip:[],访问模式:[POST],接口路径:[/user/detail]"}
{"level":"error","time":"2024-06-13 20:30:28","caller":"middleware/base.go:11","msg":"用户ip:[],访问模式:[POST],接口路径:[/area/list]"}
{"level":"error","time":"2024-06-13 20:30:29","caller":"middleware/base.go:11","msg":"用户ip:[],访问模式:[POST],接口路径:[/area/list]"}
{"level":"error","time":"2024-06-13 20:30:34","caller":"middleware/base.go:11","msg":"用户ip:[],访问模式:[POST],接口路径:[/area/list]"}
{"level":"error","time":"2024-06-13 20:30:36","caller":"middleware/base.go:11","msg":"用户ip:[],访问模式:[POST],接口路径:[/area/list]"}
{"level":"error","time":"2024-06-13 20:30:41","caller":"middleware/base.go:11","msg":"用户ip:[],访问模式:[POST],接口路径:[/area/list]"}
{"level":"error","time":"2024-06-13 20:30:43","caller":"middleware/base.go:11","msg":"用户ip:[],访问模式:[POST],接口路径:[/area/list]"}
{"level":"error","time":"2024-06-13 20:31:12","caller":"middleware/base.go:11","msg":"用户ip:[],访问模式:[POST],接口路径:[/area/list]"}
{"level":"error","time":"2024-06-13 20:31:16","caller":"middleware/base.go:11","msg":"用户ip:[],访问模式:[POST],接口路径:[/user/detail]"}
{"level":"error","time":"2024-06-13 20:31:16","caller":"middleware/base.go:11","msg":"用户ip:[],访问模式:[POST],接口路径:[/area/list]"}
{"level":"error","time":"2024-06-13 20:31:20","caller":"middleware/base.go:11","msg":"用户ip:[],访问模式:[POST],接口路径:[/user/detail]"}
{"level":"error","time":"2024-06-13 20:31:23","caller":"middleware/base.go:11","msg":"用户ip:[],访问模式:[POST],接口路径:[/account/login]"}
{"level":"error","time":"2024-06-13 20:31:23","caller":"middleware/base.go:11","msg":"用户ip:[],访问模式:[POST],接口路径:[/user/detail]"}
{"level":"error","time":"2024-06-13 20:38:38","caller":"middleware/base.go:11","msg":"用户ip:[],访问模式:[POST],接口路径:[/user/detail]"}
{"level":"error","time":"2024-06-13 20:38:39","caller":"middleware/base.go:11","msg":"用户ip:[],访问模式:[POST],接口路径:[/area/list]"}
{"level":"error","time":"2024-06-13 20:38:42","caller":"middleware/base.go:11","msg":"用户ip:[],访问模式:[POST],接口路径:[/user/detail]"}
{"level":"error","time":"2024-06-13 20:38:44","caller":"middleware/base.go:11","msg":"用户ip:[],访问模式:[POST],接口路径:[/account/login]"}
{"level":"error","time":"2024-06-13 20:38:44","caller":"middleware/base.go:11","msg":"用户ip:[],访问模式:[POST],接口路径:[/user/detail]"}
{"level":"error","time":"2024-06-13 20:41:19","caller":"middleware/base.go:11","msg":"用户ip:[],访问模式:[GET],接口路径:[/]"}
{"level":"error","time":"2024-06-13 20:41:28","caller":"middleware/base.go:11","msg":"用户ip:[],访问模式:[GET],接口路径:[/account]"}
{"level":"error","time":"2024-06-13 20:41:32","caller":"middleware/base.go:11","msg":"用户ip:[],访问模式:[GET],接口路径:[/account/login]"}
{"level":"error","time":"2024-06-13 20:41:36","caller":"middleware/base.go:11","msg":"用户ip:[],访问模式:[GET],接口路径:[/]"}
{"level":"info","time":"2024-06-13 20:45:00","caller":"middleware/base.go:11","msg":"用户ip:[],访问模式:[GET],接口路径:[/]"}
{"level":"info","time":"2024-06-13 20:47:14","caller":"middleware/base.go:15","msg":"用户ip:[],访问模式:[GET],接口路径:[/]"}
{"level":"info","time":"2024-06-13 20:50:15","caller":"middleware/base.go:15","msg":"用户ip:[],访问模式:[POST],接口路径:[/category/list]"}
{"level":"info","time":"2024-06-13 20:50:16","caller":"middleware/base.go:15","msg":"用户ip:[],访问模式:[POST],接口路径:[/area/list]"}
