{"level":"info","time":"2024-06-13 21:53:18","caller":"middleware/base.go:15","msg":"用户ip:[],访问模式:[POST],接口路径:[/area/list]"}
{"level":"info","time":"2024-06-13 21:53:20","caller":"middleware/base.go:15","msg":"用户ip:[],访问模式:[POST],接口路径:[/area/list]"}
{"level":"info","time":"2024-06-13 21:53:20","caller":"middleware/base.go:15","msg":"用户ip:[],访问模式:[POST],接口路径:[/area/list]"}
{"level":"info","time":"2024-06-13 21:53:23","caller":"middleware/base.go:15","msg":"用户ip:[],访问模式:[POST],接口路径:[/area/list]"}
{"level":"info","time":"2024-06-13 21:53:27","caller":"middleware/base.go:15","msg":"用户ip:[],访问模式:[POST],接口路径:[/user/detail]"}
{"level":"info","time":"2024-06-13 21:53:27","caller":"middleware/base.go:15","msg":"用户ip:[],访问模式:[POST],接口路径:[/area/list]"}
{"level":"info","time":"2024-06-13 21:53:32","caller":"middleware/base.go:15","msg":"用户ip:[],访问模式:[POST],接口路径:[/user/detail]"}
{"level":"info","time":"2024-06-13 21:53:37","caller":"middleware/base.go:15","msg":"用户ip:[],访问模式:[POST],接口路径:[/user/detail]"}
{"level":"info","time":"2024-06-13 21:53:37","caller":"middleware/base.go:15","msg":"用户ip:[],访问模式:[POST],接口路径:[/area/list]"}
{"level":"info","time":"2024-06-13 21:53:41","caller":"middleware/base.go:15","msg":"用户ip:[],访问模式:[POST],接口路径:[/user/detail]"}
{"level":"info","time":"2024-06-13 21:53:55","caller":"middleware/base.go:15","msg":"用户ip:[],访问模式:[POST],接口路径:[/user/detail]"}
{"level":"info","time":"2024-06-13 21:53:55","caller":"middleware/base.go:15","msg":"用户ip:[],访问模式:[POST],接口路径:[/area/list]"}
{"level":"info","time":"2024-06-13 21:53:59","caller":"middleware/base.go:15","msg":"用户ip:[],访问模式:[POST],接口路径:[/user/detail]"}
{"level":"info","time":"2024-06-13 21:54:48","caller":"middleware/base.go:15","msg":"用户ip:[],访问模式:[POST],接口路径:[/user/detail]"}
{"level":"info","time":"2024-06-13 21:54:48","caller":"middleware/base.go:15","msg":"用户ip:[],访问模式:[POST],接口路径:[/area/list]"}
{"level":"info","time":"2024-06-13 21:57:01","caller":"middleware/base.go:15","msg":"用户ip:[],访问模式:[POST],接口路径:[/user/detail]"}
{"level":"info","time":"2024-06-13 21:57:01","caller":"middleware/base.go:15","msg":"用户ip:[],访问模式:[POST],接口路径:[/area/list]"}
{"level":"info","time":"2024-06-13 21:57:14","caller":"middleware/base.go:15","msg":"用户ip:[],访问模式:[POST],接口路径:[/order/list]"}
{"level":"info","time":"2024-06-13 21:57:14","caller":"middleware/base.go:15","msg":"用户ip:[],访问模式:[POST],接口路径:[/order/list]"}
{"level":"info","time":"2024-06-13 21:57:41","caller":"middleware/base.go:15","msg":"用户ip:[],访问模式:[POST],接口路径:[/user/detail]"}
{"level":"info","time":"2024-06-13 21:57:42","caller":"middleware/base.go:15","msg":"用户ip:[],访问模式:[POST],接口路径:[/area/list]"}
{"level":"info","time":"2024-06-13 21:58:07","caller":"middleware/base.go:15","msg":"用户ip:[],访问模式:[POST],接口路径:[/user/detail]"}
{"level":"info","time":"2024-06-13 21:58:07","caller":"middleware/base.go:15","msg":"用户ip:[],访问模式:[POST],接口路径:[/area/list]"}
{"level":"info","time":"2024-06-13 21:58:42","caller":"middleware/base.go:15","msg":"用户ip:[],访问模式:[POST],接口路径:[/user/detail]"}
{"level":"info","time":"2024-06-13 21:58:42","caller":"middleware/base.go:15","msg":"用户ip:[],访问模式:[POST],接口路径:[/area/list]"}
{"level":"info","time":"2024-06-13 22:00:00","caller":"middleware/base.go:15","msg":"用户ip:[],访问模式:[POST],接口路径:[/user/detail]"}
{"level":"info","time":"2024-06-13 22:00:00","caller":"middleware/base.go:15","msg":"用户ip:[],访问模式:[POST],接口路径:[/area/list]"}
{"level":"info","time":"2024-06-13 22:00:13","caller":"middleware/base.go:15","msg":"用户ip:[],访问模式:[POST],接口路径:[/account/login]"}
{"level":"info","time":"2024-06-13 22:00:13","caller":"middleware/base.go:15","msg":"用户ip:[],访问模式:[POST],接口路径:[/user/detail]"}
{"level":"info","time":"2024-06-13 22:08:12","caller":"middleware/base.go:15","msg":"用户ip:[],访问模式:[POST],接口路径:[/category/list]"}
{"level":"info","time":"2024-06-13 22:08:13","caller":"middleware/base.go:15","msg":"用户ip:[],访问模式:[POST],接口路径:[/area/list]"}
{"level":"info","time":"2024-06-13 22:08:15","caller":"middleware/base.go:15","msg":"用户ip:[],访问模式:[POST],接口路径:[/area/list]"}
{"level":"info","time":"2024-06-13 22:08:17","caller":"middleware/base.go:15","msg":"用户ip:[],访问模式:[POST],接口路径:[/area/list]"}
{"level":"info","time":"2024-06-13 22:08:23","caller":"middleware/base.go:15","msg":"用户ip:[],访问模式:[POST],接口路径:[/user/detail]"}
{"level":"info","time":"2024-06-13 22:08:23","caller":"middleware/base.go:15","msg":"用户ip:[],访问模式:[POST],接口路径:[/area/list]"}
{"level":"info","time":"2024-06-13 22:09:53","caller":"middleware/base.go:15","msg":"用户ip:[],访问模式:[POST],接口路径:[/category/list]"}
{"level":"info","time":"2024-06-13 22:09:54","caller":"middleware/base.go:15","msg":"用户ip:[],访问模式:[POST],接口路径:[/area/list]"}
{"level":"info","time":"2024-06-13 22:09:59","caller":"middleware/base.go:15","msg":"用户ip:[],访问模式:[POST],接口路径:[/user/detail]"}
{"level":"info","time":"2024-06-13 22:09:59","caller":"middleware/base.go:15","msg":"用户ip:[],访问模式:[POST],接口路径:[/area/list]"}
{"level":"info","time":"2024-06-13 22:11:33","caller":"middleware/base.go:15","msg":"用户ip:[],访问模式:[POST],接口路径:[/order/list]"}
{"level":"info","time":"2024-06-13 22:11:33","caller":"middleware/base.go:15","msg":"用户ip:[],访问模式:[POST],接口路径:[/order/list]"}
